<?xml version="1.0" encoding="UTF-8"?>
<!-- Generated by org.testng.reporters.JUnitReportReporter -->
<testsuite skipped="0" hostname="INGGNEL25XRXZ2" name="com.qa.JenkinsTest.LoginTest" tests="1" failures="0" timestamp="15 Oct 2020 08:43:31 GMT" time="6.928" errors="0">
  <testcase name="testLogin" time="6.928" classname="com.qa.JenkinsTest.LoginTest"/>
</testsuite> <!-- com.qa.JenkinsTest.LoginTest -->
